<?xml version="1.0" encoding="utf-8"?><testsuites name="pytest tests"><testsuite name="pytest" errors="0" failures="1" skipped="0" tests="471" time="0.457" timestamp="2026-09-22T15:50:47.625358+09:00" hostname="seukallaui-MacBookPro.local"><testcase classname="drift_gate.tests.test_docs_check.TestExtractCliCommands" name="test_extracts_from_bash_code_block" time="0.000" /><testcase classname="drift_gate.tests.test_docs_check.TestExtractCliCommands" name="test_extracts_multiple_commands" time="0.000" /><testcase classname="drift_gate.tests.test_docs_check.TestExtractCliCommands" name="test_extracts_from_inline_backtick" time="0.000" /><testcase classname="drift_gate.tests.test_docs_check.TestExtractCliCommands" name="test_ignores_pip_and_git" time="0.000" /><testcase classname="drift_gate.tests.test_docs_check.TestExtractCliCommands" name="test_deduplicates_commands" time="0.000" /><testcase classname="drift_gate.tests.test_docs_check.TestExtractCliCommands" name="test_no_commands_in_plain_text" time="0.000" /><testcase classname="drift_gate.tests.test_docs_check.TestExtractJsonKeys" name="test_extracts_top_level_keys" time="0.000" /><testcase classname="drift_gate.tests.test_docs_check.TestExtractJsonKeys" name="test_skips_malformed_json" time="0.000" /><testcase classname="drift_gate.tests.test_docs_check.TestExtractJsonKeys" name="test_empty_document" time="0.000" /><testcase classname="drift_gate.tests.test_docs_check.TestExtractJsonKeys" name="test_nested_keys_not_included" time="0.000" /><testcase classname="drift_gate.tests.test_docs_check.TestGetEvaluationResultKeys" name="test_returns_expected_keys" time="0.000" /><testcase classname="drift_gate.tests.test_docs_check.TestGetEvaluationResultKeys" name="test_returns_sorted_list" time="0.000" /><testcase classname="drift_gate.tests.test_docs_check.TestGetArgparseCommands" name="test_returns_known_commands" time="0.001" /><testcase classname="drift_gate.tests.test_docs_check.TestGetArgparseCommands" name="test_docs_check_accepts_positional_docs_file" time="0.001" /><testcase classname="drift_gate.tests.test_docs_check.TestGetArgparseCommands" name="test_report_out_alias_maps_to_markdown_output" time="0.001" /><testcase classname="drift_gate.tests.test_docs_check.TestFindStaleLimitations" name="test_detects_no_historical_tracking" time="0.000" /><testcase classname="drift_gate.tests.test_docs_check.TestFindStaleLimitations" name="test_no_false_positive_on_clean_text" time="0.000" /><testcase classname="drift_gate.tests.test_docs_check.TestFindStaleLimitations" name="test_captures_line_number" time="0.000" /><testcase classname="drift_gate.tests.test_docs_check.TestCheckDocs" name="test_missing_file_produces_warning" time="0.004" /><testcase classname="drift_gate.tests.test_docs_check.TestCheckDocs" name="test_known_command_no_warning" time="0.001" /><testcase classname="drift_gate.tests.test_docs_check.TestCheckDocs" name="test_unknown_command_produces_warning" time="0.002" /><testcase classname="drift_gate.tests.test_docs_check.TestCheckDocs" name="test_to_dict_structure" time="0.002" /><testcase classname="drift_gate.tests.test_docs_check.TestCheckDocs" name="test_clean_docs_no_warnings" time="0.002" /><testcase classname="drift_gate.tests.test_docs_check.TestCheckDocs" name="test_format_report_no_warnings" time="0.002" /><testcase classname="drift_gate.tests.test_docs_check.TestCheckDocs" name="test_format_report_with_warnings" time="0.002" /><testcase classname="drift_gate.tests.test_docs_check.TestCheckDocs" name="test_to_dict_includes_policy_fields" time="0.002" /><testcase classname="drift_gate.tests.test_docs_check.TestExtractYamlKeys" name="test_extracts_top_level_keys" time="0.000" /><testcase classname="drift_gate.tests.test_docs_check.TestExtractYamlKeys" name="test_does_not_extract_indented_keys" time="0.000" /><testcase classname="drift_gate.tests.test_docs_check.TestExtractYamlKeys" name="test_empty_document" time="0.000" /><testcase classname="drift_gate.tests.test_docs_check.TestExtractYamlKeys" name="test_multiple_blocks" time="0.000" /><testcase classname="drift_gate.tests.test_docs_check.TestGetPolicyTopLevelFields" name="test_returns_expected_fields" time="0.000" /><testcase classname="drift_gate.tests.test_docs_check.TestGetPolicyTopLevelFields" name="test_excludes_load_warnings" time="0.000" /><testcase classname="drift_gate.tests.test_docs_check.TestGetPolicyTopLevelFields" name="test_returns_sorted_list" time="0.000" /><testcase classname="drift_gate.tests.test_docs_check.TestPolicyFieldMismatch" name="test_unknown_yaml_key_produces_warning" time="0.002" /><testcase classname="drift_gate.tests.test_docs_check.TestPolicyFieldMismatch" name="test_known_policy_field_no_warning" time="0.002" /><testcase classname="drift_gate.tests.test_docs_check.TestPolicyFieldMismatch" name="test_checked_policy_fields_populated" time="0.002" /><testcase classname="drift_gate.tests.test_docs_check.TestPolicyFieldMismatch" name="test_github_actions_yaml_no_false_positive" time="0.002" /><testcase classname="drift_gate.tests.test_engine.TestFixtureScenarios" name="test_api_change_blocker" time="0.001" /><testcase classname="drift_gate.tests.test_engine.TestFixtureScenarios" name="test_db_change_major" time="0.000" /><testcase classname="drift_gate.tests.test_engine.TestFixtureScenarios" name="test_docs_only_pass" time="0.000" /><testcase classname="drift_gate.tests.test_engine.TestFixtureScenarios" name="test_file_delete_triggers_rule" time="0.000" /><testcase classname="drift_gate.tests.test_engine.TestFixtureScenarios" name="test_file_rename_preserved" time="0.000" /><testcase classname="drift_gate.tests.test_engine.TestFixtureScenarios" name="test_ignore_paths_excludes_from_evaluation" time="0.000" /><testcase classname="drift_gate.tests.test_engine.TestFixtureScenarios" name="test_reject_ignore_blocker_no_reason" time="0.000" /><testcase classname="drift_gate.tests.test_engine.TestFixtureScenarios" name="test_empty_pr_passes" time="0.000" /><testcase classname="drift_gate.tests.test_engine.TestFixtureScenarios" name="test_tests_only_pr_passes" time="0.000" /><testcase classname="drift_gate.tests.test_engine.TestGlobMatcher" name="test_exact_path" time="0.000" /><testcase classname="drift_gate.tests.test_engine.TestGlobMatcher" name="test_single_star" time="0.000" /><testcase classname="drift_gate.tests.test_engine.TestGlobMatcher" name="test_double_star_dir" time="0.000" /><testcase classname="drift_gate.tests.test_engine.TestGlobMatcher" name="test_double_star_anywhere" time="0.000" /><testcase classname="drift_gate.tests.test_engine.TestGlobMatcher" name="test_dot_extension_glob" time="0.000" /><testcase classname="drift_gate.tests.test_engine.TestClassifier" name="test_api_surface" time="0.000" /><testcase classname="drift_gate.tests.test_engine.TestClassifier" name="test_db_schema" time="0.000" /><testcase classname="drift_gate.tests.test_engine.TestClassifier" name="test_env_config_dotenv_variants" time="0.000" /><testcase classname="drift_gate.tests.test_engine.TestClassifier" name="test_docs_only_classification" time="0.000" /><testcase classname="drift_gate.tests.test_engine.TestClassifier" name="test_mixed_not_docs_only" time="0.000" /><testcase classname="drift_gate.tests.test_engine.TestDriftIgnorePolicy" name="test_blocker_with_reason_skipped" time="0.000" /><testcase classname="drift_gate.tests.test_engine.TestDriftIgnorePolicy" name="test_blocker_without_reason_rejected" time="0.000" /><testcase classname="drift_gate.tests.test_engine.TestDriftIgnorePolicy" name="test_minor_without_reason_skipped" time="0.000" /><testcase classname="drift_gate.tests.test_engine.TestDriftIgnorePolicy" name="test_expired_ignore_rejected" time="0.000" /><testcase classname="drift_gate.tests.test_engine.TestDriftIgnorePolicy" name="test_future_expiring_ignore_skipped" time="0.000" /><testcase classname="drift_gate.tests.test_engine.TestDriftIgnorePolicy" name="test_parse_drift_ignore_expires" time="0.000" /><testcase classname="drift_gate.tests.test_engine.TestDriftIgnorePolicy" name="test_rule_can_disallow_ignore" time="0.000" /><testcase classname="drift_gate.tests.test_engine.TestDriftIgnorePolicy" name="test_suppression_requires_codeowners_approval" time="0.000" /><testcase classname="drift_gate.tests.test_engine.TestDriftIgnorePolicy" name="test_suppression_allowed_rules" time="0.000" /><testcase classname="drift_gate.tests.test_engine.TestCrossFileRelations" name="test_optional_group_required_when_relation_triggers" time="0.000" /><testcase classname="drift_gate.tests.test_engine.TestCrossFileRelations" name="test_optional_group_does_not_fail_without_relation_trigger" time="0.000" /><testcase classname="drift_gate.tests.test_engine.TestPolicyLoader" name="test_load_valid" time="0.001" /><testcase classname="drift_gate.tests.test_engine.TestPolicyLoader" name="test_missing_require_groups" time="0.001" /><testcase classname="drift_gate.tests.test_engine.TestPolicyLoader" name="test_file_not_found" time="0.000" /><testcase classname="drift_gate.tests.test_engine.TestReporters" name="test_markdown_has_marker" time="0.000" /><testcase classname="drift_gate.tests.test_engine.TestReporters" name="test_markdown_explain_mode" time="0.000" /><testcase classname="drift_gate.tests.test_engine.TestReporters" name="test_json_schema" time="0.000" /><testcase classname="drift_gate.tests.test_engine.TestReporters" name="test_html_report_contains_pr_review_sections" time="0.000" /><testcase classname="drift_gate.tests.test_engine.TestReporters" name="test_html_report_renders_policy_source" time="0.001" /><testcase classname="drift_gate.tests.test_engine.TestReporters" name="test_html_report_renders_semantic_evidence" time="0.000" /><testcase classname="drift_gate.tests.test_engine.TestReporters" name="test_markdown_report_contains_anchor_group_status_and_raw_evidence" time="0.000" /><testcase classname="drift_gate.tests.test_engine.TestReporters" name="test_markdown_no_policy" time="0.000" /><testcase classname="drift_gate.tests.test_engine.TestReporters" name="test_html_escapes_user_content" time="0.000" /><testcase classname="drift_gate.tests.test_engine.TestReporters" name="test_html_enrichment_metrics_panel" time="0.001" /><testcase classname="drift_gate.tests.test_engine.TestLargePR" name="test_large_pr_fixture_loads_and_evaluates" time="0.002" /><testcase classname="drift_gate.tests.test_engine.TestLargePR" name="test_large_pr_scan_metrics_populated" time="0.002" /><testcase classname="drift_gate.tests.test_engine.TestLargePR" name="test_large_pr_no_crash_on_empty_patches" time="0.002" /><testcase classname="drift_gate.tests.test_enricher.TestEnrichFallback" name="test_network_error_returns_original_result" time="0.001" /><testcase classname="drift_gate.tests.test_enricher.TestEnrichFallback" name="test_http_401_returns_original_result" time="0.000" /><testcase classname="drift_gate.tests.test_enricher.TestEnrichFallback" name="test_malformed_json_response_returns_original" time="0.000" /><testcase classname="drift_gate.tests.test_enricher.TestEnrichFallback" name="test_empty_violations_returns_immediately" time="0.000" /><testcase classname="drift_gate.tests.test_enricher.TestEnrichSuccess" name="test_checklist_replaced_on_match" time="0.002" /><testcase classname="drift_gate.tests.test_enricher.TestEnrichSuccess" name="test_no_section_match_keeps_original_checklist" time="0.000" /><testcase classname="drift_gate.tests.test_enricher.TestDocsDraftFallback" name="test_fallback_draft_contains_trigger_path" time="0.000" /><testcase classname="drift_gate.tests.test_enricher.TestDocsDraftFallback" name="test_fallback_draft_contains_group_name" time="0.000" /><testcase classname="drift_gate.tests.test_enricher.TestDocsDraftFallback" name="test_fallback_draft_contains_required_file" time="0.000" /><testcase classname="drift_gate.tests.test_enricher.TestDocsDraftFallback" name="test_generate_docs_draft_uses_fallback_on_api_failure" time="0.000" /><testcase classname="drift_gate.tests.test_enricher.TestDocsDraftFallback" name="test_generate_docs_draft_returns_empty_on_no_violations" time="0.000" /><testcase classname="drift_gate.tests.test_enricher.TestPromptCachingPayload" name="test_system_field_present" time="0.002" /><testcase classname="drift_gate.tests.test_enricher.TestPromptCachingPayload" name="test_system_is_list_with_cache_control" time="0.000" /><testcase classname="drift_gate.tests.test_enricher.TestPromptCachingPayload" name="test_system_text_matches_system_prompt_constant" time="0.000" /><testcase classname="drift_gate.tests.test_enricher.TestPromptCachingPayload" name="test_user_message_does_not_repeat_system_instructions" time="0.000" /><testcase classname="drift_gate.tests.test_enricher.TestPromptCachingPayload" name="test_prompt_caching_beta_header_present" time="0.000" /><testcase classname="drift_gate.tests.test_enricher.TestPromptCachingPayload" name="test_api_key_in_header" time="0.000" /><testcase classname="drift_gate.tests.test_enricher.TestBuildPrompt" name="test_contains_violation_summary" time="0.000" /><testcase classname="drift_gate.tests.test_enricher.TestBuildPrompt" name="test_does_not_contain_system_instructions" time="0.000" /><testcase classname="drift_gate.tests.test_enricher.TestEnrichmentMetrics" name="test_estimated_uncached_input_tokens" time="0.000" /><testcase classname="drift_gate.tests.test_enricher.TestEnrichmentMetrics" name="test_saved_input_tokens_equals_cache_read" time="0.000" /><testcase classname="drift_gate.tests.test_enricher.TestEnrichmentMetrics" name="test_estimated_savings_pct" time="0.000" /><testcase classname="drift_gate.tests.test_enricher.TestEnrichmentMetrics" name="test_estimated_savings_pct_zero_when_no_cache" time="0.000" /><testcase classname="drift_gate.tests.test_enricher.TestEnrichmentMetrics" name="test_estimated_savings_pct_zero_when_all_zero" time="0.000" /><testcase classname="drift_gate.tests.test_enricher.TestEnrichmentMetrics" name="test_estimated_cost_usd_uses_model_pricing" time="0.000" /><testcase classname="drift_gate.tests.test_enricher.TestEnrichmentMetrics" name="test_estimated_cost_usd_cache_read_cheaper_than_input" time="0.000" /><testcase classname="drift_gate.tests.test_enricher.TestEnrichmentMetrics" name="test_estimated_cost_unknown_model_uses_default" time="0.000" /><testcase classname="drift_gate.tests.test_enricher.TestEnrichmentMetrics" name="test_to_dict_contains_all_fields" time="0.000" /><testcase classname="drift_gate.tests.test_enricher.TestEnrichmentMetrics" name="test_format_report_contains_key_fields" time="0.000" /><testcase classname="drift_gate.tests.test_enricher.TestEnrichUsageParsing" name="test_enrich_stores_enrichment_metrics_on_success" time="0.000" /><testcase classname="drift_gate.tests.test_enricher.TestEnrichUsageParsing" name="test_enrich_metrics_model_matches_enricher_model" time="0.000" /><testcase classname="drift_gate.tests.test_enricher.TestEnrichUsageParsing" name="test_enrich_metrics_none_on_api_failure" time="0.000" /><testcase classname="drift_gate.tests.test_enricher.TestEnrichUsageParsing" name="test_enrich_metrics_with_zero_cache" time="0.000" /><testcase classname="drift_gate.tests.test_enricher.TestEnrichUsageParsing" name="test_to_dict_includes_enrichment_metrics" time="0.001" /><testcase classname="drift_gate.tests.test_enricher.TestEnrichUsageParsing" name="test_to_dict_no_enrichment_metrics_key_when_none" time="0.000" /><testcase classname="drift_gate.tests.test_enricher.TestDryRunEstimate" name="test_estimate_dry_run_returns_metrics_without_api" time="0.000" /><testcase classname="drift_gate.tests.test_enricher.TestDryRunEstimate" name="test_estimate_dry_run_model_set" time="0.000" /><testcase classname="drift_gate.tests.test_enricher.TestDryRunEstimate" name="test_estimate_dry_run_cache_read_is_system_prompt_estimate" time="0.000" /><testcase classname="drift_gate.tests.test_enricher.TestDryRunEstimate" name="test_estimate_dry_run_savings_pct_positive" time="0.000" /><testcase classname="drift_gate.tests.test_enricher.TestDryRunEstimate" name="test_from_text_estimate_scales_with_text_length" time="0.000" /><testcase classname="drift_gate.tests.test_enricher.TestDryRunEstimate" name="test_from_text_estimate_empty_text" time="0.000" /><testcase classname="drift_gate.tests.test_enricher.TestDryRunEstimate" name="test_estimate_dry_run_cost_positive" time="0.000" /><testcase classname="drift_gate.tests.test_enricher.TestDryRunEstimate" name="test_format_report_dry_run" time="0.000" /><testcase classname="drift_gate.tests.test_eval_runner.TestEvalRunner" name="test_default_fixtures_pass" time="0.004" /><testcase classname="drift_gate.tests.test_eval_runner.TestEvalRunner" name="test_markdown_report_contains_metrics" time="0.004" /><testcase classname="drift_gate.tests.test_eval_runner.TestEvalRunner" name="test_baseline_comparison_shows_patch_aware_improvement" time="0.008" /><testcase classname="drift_gate.tests.test_eval_runner.TestEvalRunner" name="test_comparison_markdown_contains_benchmark_table" time="0.008" /><testcase classname="drift_gate.tests.test_eval_runner.TestEvalRunner" name="test_comparison_html_contains_shareable_report" time="0.008" /><testcase classname="drift_gate.tests.test_eval_runner.TestEvalRunner" name="test_multi_engine_comparison_reports_all_modes" time="0.015" /><testcase classname="drift_gate.tests.test_eval_runner.TestEvalRunner" name="test_case_report_dir_writes_raw_reports" time="0.016" /><testcase classname="drift_gate.tests.test_eval_runner.TestEvalRunner" name="test_case_report_dir_writes_multi_engine_reports" time="0.018" /><testcase classname="drift_gate.tests.test_eval_runner.TestEvalRunner" name="test_benchmark_gate_passes_with_current_budgets" time="0.008" /><testcase classname="drift_gate.tests.test_eval_runner.TestEvalRunner" name="test_false_positive_is_counted" time="0.001" /><testcase classname="drift_gate.tests.test_eval_runner.TestEvalRunner" name="test_recursive_fixture_discovery_supports_external_packs" time="0.001" /><testcase classname="drift_gate.tests.test_eval_runner.TestEvalRunner" name="test_recursive_real_oss_style_sample_eval" time="0.000" /><testcase classname="drift_gate.tests.test_eval_runner.TestEvalRunner" name="test_benchmark_gate_reports_budget_failures" time="0.000" /><testcase classname="drift_gate.tests.test_eval_runner.TestEvalRunner" name="test_cli_eval_subcommand_runs_budgeted_comparison" time="0.009" /><testcase classname="drift_gate.tests.test_eval_runner.TestEvalRunner" name="test_cli_eval_subcommand_runs_multi_engine_comparison" time="0.014" /><testcase classname="drift_gate.tests.test_eval_runner.TestEvalRunner" name="test_cli_init_preset_writes_target_policy" time="0.008" /><testcase classname="drift_gate.tests.test_eval_runner.TestEvalRunner" name="test_cli_init_auth_and_ci_presets" time="0.013" /><testcase classname="drift_gate.tests.test_eval_runner.TestEvalRunner" name="test_cli_explain_rule" time="0.002" /><testcase classname="drift_gate.tests.test_eval_runner.TestEvalRunner" name="test_cli_init_auto_uses_repo_recommendations" time="0.003" /><testcase classname="drift_gate.tests.test_eval_runner.TestEvalRunner" name="test_cli_setup_creates_policy_and_mcp_config" time="0.002" /><testcase classname="drift_gate.tests.test_eval_runner.TestEvalRunner" name="test_cli_init_recommend_detects_framework_and_docs" time="0.003" /><testcase classname="drift_gate.tests.test_eval_runner.TestEvalRunner" name="test_doctor_dead_rule_warning_helper" time="0.001" /><testcase classname="drift_gate.tests.test_github_action_runner" name="test_workflow_command_escape" time="0.000" /><testcase classname="drift_gate.tests.test_github_action_runner" name="test_fork_pr_detection" time="0.000" /><testcase classname="drift_gate.tests.test_github_action_runner" name="test_same_repo_pr_not_fork" time="0.000" /><testcase classname="drift_gate.tests.test_github_action_runner" name="test_github_adapter_paginates_pr_files" time="0.000" /><testcase classname="drift_gate.tests.test_github_client.TestSanitizePath" name="test_normal_path" time="0.000" /><testcase classname="drift_gate.tests.test_github_client.TestSanitizePath" name="test_strips_leading_slash" time="0.000" /><testcase classname="drift_gate.tests.test_github_client.TestSanitizePath" name="test_rejects_traversal" time="0.000" /><testcase classname="drift_gate.tests.test_github_client.TestSanitizePath" name="test_rejects_embedded_traversal" time="0.000" /><testcase classname="drift_gate.tests.test_github_client.TestSanitizePath" name="test_rejects_empty" time="0.000" /><testcase classname="drift_gate.tests.test_github_client.TestSanitizePath" name="test_rejects_whitespace_only" time="0.000" /><testcase classname="drift_gate.tests.test_github_client.TestSanitizePath" name="test_normalises_redundant_slashes" time="0.000" /><testcase classname="drift_gate.tests.test_github_client.TestSanitizePath" name="test_deep_nested_path" time="0.000" /><testcase classname="drift_gate.tests.test_github_client.TestGithubApiErrorHints" name="test_401_hint_mentions_token" time="0.000" /><testcase classname="drift_gate.tests.test_github_client.TestGithubApiErrorHints" name="test_403_hint_mentions_scope" time="0.000" /><testcase classname="drift_gate.tests.test_github_client.TestGithubApiErrorHints" name="test_404_hint_mentions_repo" time="0.000" /><testcase classname="drift_gate.tests.test_github_client.TestGithubApiErrorHints" name="test_429_hint_mentions_rate_limit" time="0.000" /><testcase classname="drift_gate.tests.test_github_client.TestGithubApiErrorHints" name="test_500_hint_mentions_github_status" time="0.000" /><testcase classname="drift_gate.tests.test_github_client.TestGithubApiErrorHints" name="test_github_message_included_in_error" time="0.000" /><testcase classname="drift_gate.tests.test_github_client.TestGithubApiErrorHints" name="test_unknown_code_still_shows_code" time="0.000" /><testcase classname="drift_gate.tests.test_github_client.TestGithubApiErrorHints" name="test_returns_runtime_error" time="0.000" /><testcase classname="drift_gate.tests.test_github_client.TestPaginationEdgeCases" name="test_single_page_under_100_files" time="0.000" /><testcase classname="drift_gate.tests.test_github_client.TestPaginationEdgeCases" name="test_exactly_100_files_triggers_second_page" time="0.000" /><testcase classname="drift_gate.tests.test_github_client.TestPaginationEdgeCases" name="test_300_files_across_three_pages" time="0.001" /><testcase classname="drift_gate.tests.test_github_client.TestPaginationEdgeCases" name="test_301_files_across_four_pages" time="0.001" /><testcase classname="drift_gate.tests.test_github_client.TestPaginationEdgeCases" name="test_pagination_stops_when_page_has_less_than_100" time="0.000" /><testcase classname="drift_gate.tests.test_github_client.TestPaginationEdgeCases" name="test_empty_first_page_returns_empty_list" time="0.000" /><testcase classname="drift_gate.tests.test_github_client.TestPaginationEdgeCases" name="test_page_urls_include_page_number" time="0.000" /><testcase classname="drift_gate.tests.test_github_client.TestBinaryFileHandling" name="test_binary_image_no_patch" time="0.000" /><testcase classname="drift_gate.tests.test_github_client.TestBinaryFileHandling" name="test_binary_pdf_no_patch" time="0.000" /><testcase classname="drift_gate.tests.test_github_client.TestBinaryFileHandling" name="test_compiled_artifact_no_patch" time="0.000" /><testcase classname="drift_gate.tests.test_github_client.TestBinaryFileHandling" name="test_mixed_binary_and_text_files" time="0.000" /><testcase classname="drift_gate.tests.test_github_client.TestBinaryFileHandling" name="test_binary_file_with_unsafe_path_is_rejected" time="0.000" /><testcase classname="drift_gate.tests.test_github_client.TestBinaryFileHandling" name="test_large_pr_with_mixed_binary_and_text" time="0.001" /><testcase classname="drift_gate.tests.test_github_client.TestPaginationHttpErrors" name="test_http_error_on_page_2_raises" time="0.000" /><testcase classname="drift_gate.tests.test_github_client.TestParseDriftIgnores" name="test_basic_ignore_with_reason" time="0.000" /><testcase classname="drift_gate.tests.test_github_client.TestParseDriftIgnores" name="test_ignore_without_reason" time="0.000" /><testcase classname="drift_gate.tests.test_github_client.TestParseDriftIgnores" name="test_ignore_with_expires" time="0.000" /><testcase classname="drift_gate.tests.test_github_client.TestParseDriftIgnores" name="test_ignore_with_approved_by" time="0.000" /><testcase classname="drift_gate.tests.test_github_client.TestParseDriftIgnores" name="test_multiple_ignores" time="0.000" /><testcase classname="drift_gate.tests.test_github_client.TestParseDriftIgnores" name="test_no_ignores_in_body" time="0.000" /><testcase classname="drift_gate.tests.test_github_client.TestParseDriftIgnores" name="test_empty_body" time="0.000" /><testcase classname="drift_gate.tests.test_github_client.TestParseDriftIgnores" name="test_ignore_in_pr_template_comments" time="0.000" /><testcase classname="drift_gate.tests.test_history" name="test_history_store_roundtrip" time="0.001" /><testcase classname="drift_gate.tests.test_history" name="test_history_reports_render" time="0.000" /><testcase classname="drift_gate.tests.test_history" name="test_cli_history_renders_markdown_and_html" time="0.002" /><testcase classname="drift_gate.tests.test_history" name="test_history_sqlite_roundtrip" time="0.004" /><testcase classname="drift_gate.tests.test_history" name="test_history_rule_filter_and_repeated_ignore_warning" time="0.001" /><testcase classname="drift_gate.tests.test_history" name="test_temporal_gate_warns_on_repeated_ignores" time="0.001" /><testcase classname="drift_gate.tests.test_history" name="test_history_average_fix_time_and_release_trend" time="0.000" /><testcase classname="drift_gate.tests.test_history" name="test_cli_history_filters_rule" time="0.002" /><testcase classname="drift_gate.tests.test_history.TestTemporalGateE2E" name="test_e2e_repeated_ignores_trigger_warn" time="0.001" /><testcase classname="drift_gate.tests.test_history.TestTemporalGateE2E" name="test_e2e_below_threshold_no_warn" time="0.001" /><testcase classname="drift_gate.tests.test_history.TestTemporalGateE2E" name="test_e2e_warn_result_not_downgraded_to_pass" time="0.000" /><testcase classname="drift_gate.tests.test_history.TestTemporalGateE2E" name="test_e2e_fail_result_stays_fail" time="0.000" /><testcase classname="drift_gate.tests.test_history.TestTemporalGateE2E" name="test_e2e_to_dict_includes_temporal_warnings" time="0.001" /><testcase classname="drift_gate.tests.test_history.TestTemporalGateE2E" name="test_e2e_cli_check_with_temporal_gate" time="0.014" /><testcase classname="drift_gate.tests.test_html_reporter.TestHtmlStructure" name="test_valid_html_doctype" time="0.000" /><testcase classname="drift_gate.tests.test_html_reporter.TestHtmlStructure" name="test_charset_utf8" time="0.001" /><testcase classname="drift_gate.tests.test_html_reporter.TestHtmlStructure" name="test_viewport_meta" time="0.000" /><testcase classname="drift_gate.tests.test_html_reporter.TestHtmlStructure" name="test_title_present" time="0.000" /><testcase classname="drift_gate.tests.test_html_reporter.TestHtmlStructure" name="test_status_pass_class" time="0.000" /><testcase classname="drift_gate.tests.test_html_reporter.TestHtmlStructure" name="test_status_fail_class" time="0.000" /><testcase classname="drift_gate.tests.test_html_reporter.TestHtmlStructure" name="test_status_warn_class" time="0.000" /><testcase classname="drift_gate.tests.test_html_reporter.TestHtmlStructure" name="test_no_violations_shows_empty_section" time="0.000" /><testcase classname="drift_gate.tests.test_html_reporter.TestHtmlStructure" name="test_violations_show_rule_id" time="0.000" /><testcase classname="drift_gate.tests.test_html_reporter.TestHtmlStructure" name="test_has_raw_json_section" time="0.000" /><testcase classname="drift_gate.tests.test_html_reporter.TestHtmlStructure" name="test_has_walkthrough_section" time="0.000" /><testcase classname="drift_gate.tests.test_html_reporter.TestHtmlStructure" name="test_has_metrics_section" time="0.000" /><testcase classname="drift_gate.tests.test_html_reporter.TestHtmlEscape" name="test_message_escaped" time="0.000" /><testcase classname="drift_gate.tests.test_html_reporter.TestHtmlEscape" name="test_rule_id_escaped" time="0.000" /><testcase classname="drift_gate.tests.test_html_reporter.TestHtmlEscape" name="test_group_name_escaped" time="0.000" /><testcase classname="drift_gate.tests.test_html_reporter.TestHtmlEscape" name="test_trigger_file_path_escaped" time="0.000" /><testcase classname="drift_gate.tests.test_html_reporter.TestHtmlEscape" name="test_checklist_item_escaped" time="0.000" /><testcase classname="drift_gate.tests.test_html_reporter.TestHtmlEscape" name="test_policy_source_escaped" time="0.000" /><testcase classname="drift_gate.tests.test_html_reporter.TestHtmlEscape" name="test_raw_json_block_escapes_html_in_values" time="0.000" /><testcase classname="drift_gate.tests.test_html_reporter.TestHtmlEscape" name="test_diff_snippet_escaped" time="0.000" /><testcase classname="drift_gate.tests.test_html_reporter.TestTokenEfficiencyPanel" name="test_panel_present_when_metrics_set" time="0.000" /><testcase classname="drift_gate.tests.test_html_reporter.TestTokenEfficiencyPanel" name="test_panel_absent_when_no_metrics" time="0.000" /><testcase classname="drift_gate.tests.test_html_reporter.TestTokenEfficiencyPanel" name="test_model_name_shown" time="0.000" /><testcase classname="drift_gate.tests.test_html_reporter.TestTokenEfficiencyPanel" name="test_token_counts_shown" time="0.000" /><testcase classname="drift_gate.tests.test_html_reporter.TestTokenEfficiencyPanel" name="test_savings_pct_shown" time="0.000" /><testcase classname="drift_gate.tests.test_html_reporter.TestTokenEfficiencyPanel" name="test_cost_shown" time="0.000" /><testcase classname="drift_gate.tests.test_html_reporter.TestTokenEfficiencyPanel" name="test_zero_metrics_no_crash" time="0.000" /><testcase classname="drift_gate.tests.test_html_reporter.TestRuleTable" name="test_rule_table_rendered" time="0.000" /><testcase classname="drift_gate.tests.test_html_reporter.TestRuleTable" name="test_rule_table_absent_when_no_decisions" time="0.000" /><testcase classname="drift_gate.tests.test_html_reporter.TestTemporalWarnings" name="test_temporal_warning_shown" time="0.000" /><testcase classname="drift_gate.tests.test_html_reporter.TestTemporalWarnings" name="test_no_temporal_section_when_empty" time="0.000" /><testcase classname="drift_gate.tests.test_html_reporter.TestViolationCard" name="test_trigger_files_shown" time="0.000" /><testcase classname="drift_gate.tests.test_html_reporter.TestViolationCard" name="test_severity_badge_shown" time="0.000" /><testcase classname="drift_gate.tests.test_html_reporter.TestViolationCard" name="test_missing_docs_shown" time="0.000" /><testcase classname="drift_gate.tests.test_html_reporter.TestViolationCard" name="test_checklist_shown" time="0.000" /><testcase classname="drift_gate.tests.test_html_reporter.TestViolationCard" name="test_override_block_present" time="0.000" /><testcase classname="drift_gate.tests.test_html_reporter.TestViolationCard" name="test_copy_button_present" time="0.000" /><testcase classname="drift_gate.tests.test_html_reporter.TestViolationCard" name="test_diff_snippet_shown_when_patch_present" time="0.000" /><testcase classname="drift_gate.tests.test_html_reporter.TestViolationCard" name="test_diff_snippet_absent_when_no_patch" time="0.000" /><testcase classname="drift_gate.tests.test_html_reporter.TestViolationCard" name="test_enrichment_fields_shown" time="0.000" /><testcase classname="drift_gate.tests.test_html_reporter.TestViolationCard" name="test_semantic_evidence_shown" time="0.000" /><testcase classname="drift_gate.tests.test_html_reporter.TestViolationNav" name="test_nav_shown_with_violations" time="0.000" /><testcase classname="drift_gate.tests.test_html_reporter.TestViolationNav" name="test_nav_absent_when_no_violations" time="0.000" /><testcase classname="drift_gate.tests.test_html_reporter.TestViolationNav" name="test_nav_links_to_anchor" time="0.000" /><testcase classname="drift_gate.tests.test_html_reporter.TestHistoryHtml" name="test_history_html_valid_doctype" time="0.000" /><testcase classname="drift_gate.tests.test_html_reporter.TestHistoryHtml" name="test_history_html_shows_run_count" time="0.000" /><testcase classname="drift_gate.tests.test_html_reporter.TestHistoryHtml" name="test_history_html_shows_rule" time="0.000" /><testcase classname="drift_gate.tests.test_html_reporter.TestHistoryHtml" name="test_history_html_escapes_content" time="0.000" /><testcase classname="drift_gate.tests.test_html_reporter.TestHistoryHtml" name="test_history_html_empty_records" time="0.000" /><testcase classname="drift_gate.tests.test_html_reporter.TestPathTraversal" name="test_rejects_dotdot" time="0.000" /><testcase classname="drift_gate.tests.test_html_reporter.TestPathTraversal" name="test_rejects_absolute" time="0.000" /><testcase classname="drift_gate.tests.test_html_reporter.TestPathTraversal" name="test_rejects_embedded_traversal" time="0.000" /><testcase classname="drift_gate.tests.test_html_reporter.TestPathTraversal" name="test_accepts_normal_path" time="0.000" /><testcase classname="drift_gate.tests.test_html_reporter.TestPathTraversal" name="test_accepts_nested_path" time="0.000" /><testcase classname="drift_gate.tests.test_html_reporter.TestTokenNotLogged" name="test_enricher_call_api_doesnt_log_key" time="0.000" /><testcase classname="drift_gate.tests.test_html_reporter.TestTokenNotLogged" name="test_github_client_doesnt_log_token" time="0.000" /><testcase classname="drift_gate.tests.test_intensity_classifier.TestStatusShortcuts" name="test_added_file_is_export_added" time="0.000" /><testcase classname="drift_gate.tests.test_intensity_classifier.TestStatusShortcuts" name="test_deleted_file_is_signature_change" time="0.000" /><testcase classname="drift_gate.tests.test_intensity_classifier.TestStatusShortcuts" name="test_renamed_file_is_signature_change" time="0.000" /><testcase classname="drift_gate.tests.test_intensity_classifier.TestStatusShortcuts" name="test_empty_patch_is_signature_change" time="0.000" /><testcase classname="drift_gate.tests.test_intensity_classifier.TestStatusShortcuts" name="test_patch_with_only_hunk_header_is_impl_only" time="0.000" /><testcase classname="drift_gate.tests.test_intensity_classifier.TestCommentOnly" name="test_python_hash_comment" time="0.000" /><testcase classname="drift_gate.tests.test_intensity_classifier.TestCommentOnly" name="test_js_line_comment" time="0.000" /><testcase classname="drift_gate.tests.test_intensity_classifier.TestCommentOnly" name="test_block_comment_star" time="0.000" /><testcase classname="drift_gate.tests.test_intensity_classifier.TestCommentOnly" name="test_blank_lines_only" time="0.000" /><testcase classname="drift_gate.tests.test_intensity_classifier.TestCommentOnly" name="test_docstring_triple_quote_only" time="0.000" /><testcase classname="drift_gate.tests.test_intensity_classifier.TestConfigKeyAdded" name="test_new_env_var_uppercase" time="0.000" /><testcase classname="drift_gate.tests.test_intensity_classifier.TestConfigKeyAdded" name="test_process_env_access" time="0.000" /><testcase classname="drift_gate.tests.test_intensity_classifier.TestConfigKeyAdded" name="test_python_os_environ" time="0.000" /><testcase classname="drift_gate.tests.test_intensity_classifier.TestConfigKeyAdded" name="test_pydantic_base_settings" time="0.000" /><testcase classname="drift_gate.tests.test_intensity_classifier.TestConfigKeyAdded" name="test_removed_key_only_not_config_added" time="0.000" /><testcase classname="drift_gate.tests.test_intensity_classifier.TestRouteContractChange" name="test_express_router_get" time="0.000" /><testcase classname="drift_gate.tests.test_intensity_classifier.TestRouteContractChange" name="test_express_app_post" time="0.000" /><testcase classname="drift_gate.tests.test_intensity_classifier.TestRouteContractChange" name="test_fastapi_decorator" time="0.000" /><testcase classname="drift_gate.tests.test_intensity_classifier.TestRouteContractChange" name="test_typescript_http_decorator" time="0.000" /><testcase classname="drift_gate.tests.test_intensity_classifier.TestRouteContractChange" name="test_request_response_dto" time="0.000" /><testcase classname="drift_gate.tests.test_intensity_classifier.TestRouteContractChange" name="test_openapi_yaml_path" time="0.000" /><testcase classname="drift_gate.tests.test_intensity_classifier.TestDbSchemaChange" name="test_create_table_sql" time="0.000" /><testcase classname="drift_gate.tests.test_intensity_classifier.TestDbSchemaChange" name="test_alter_table_add_column" time="0.000" /><testcase classname="drift_gate.tests.test_intensity_classifier.TestDbSchemaChange" name="test_drop_column" time="0.000" /><testcase classname="drift_gate.tests.test_intensity_classifier.TestDbSchemaChange" name="test_prisma_model_block" time="0.000" /><testcase classname="drift_gate.tests.test_intensity_classifier.TestDbSchemaChange" name="test_prisma_field_with_decorator" time="0.000" /><testcase classname="drift_gate.tests.test_intensity_classifier.TestDbSchemaChange" name="test_not_null_constraint" time="0.000" /><testcase classname="drift_gate.tests.test_intensity_classifier.TestAuthPolicyChange" name="test_role_keyword" time="0.000" /><testcase classname="drift_gate.tests.test_intensity_classifier.TestAuthPolicyChange" name="test_rbac_keyword" time="0.000" /><testcase classname="drift_gate.tests.test_intensity_classifier.TestAuthPolicyChange" name="test_require_role_call" time="0.000" /><testcase classname="drift_gate.tests.test_intensity_classifier.TestAuthPolicyChange" name="test_auth_middleware" time="0.000" /><testcase classname="drift_gate.tests.test_intensity_classifier.TestAuthPolicyChange" name="test_opa_policy_key" time="0.000" /><testcase classname="drift_gate.tests.test_intensity_classifier.TestCiSecretChange" name="test_secrets_accessor" time="0.000" /><testcase classname="drift_gate.tests.test_intensity_classifier.TestCiSecretChange" name="test_token_env_var" time="0.000" /><testcase classname="drift_gate.tests.test_intensity_classifier.TestCiSecretChange" name="test_dockerfile_from" time="0.000" /><testcase classname="drift_gate.tests.test_intensity_classifier.TestCiSecretChange" name="test_terraform_resource" time="0.000" /><testcase classname="drift_gate.tests.test_intensity_classifier.TestCiSecretChange" name="test_k8s_apiversion" time="0.000" /><testcase classname="drift_gate.tests.test_intensity_classifier.TestCiSecretChange" name="test_deploy_keyword" time="0.000" /><testcase classname="drift_gate.tests.test_intensity_classifier.TestPublicCliChange" name="test_argparse_add_argument" time="0.000" /><testcase classname="drift_gate.tests.test_intensity_classifier.TestPublicCliChange" name="test_click_option" time="0.000" /><testcase classname="drift_gate.tests.test_intensity_classifier.TestPublicCliChange" name="test_subparser_command" time="0.000" /><testcase classname="drift_gate.tests.test_intensity_classifier.TestPublicCliChange" name="test_commander_option" time="0.000" /><testcase classname="drift_gate.tests.test_intensity_classifier.TestPublicCliChange" name="test_cobra_flags" time="0.000" /><testcase classname="drift_gate.tests.test_intensity_classifier.TestExportAdded" name="test_new_js_export_function" time="0.000" /><testcase classname="drift_gate.tests.test_intensity_classifier.TestExportAdded" name="test_new_ts_export_const" time="0.000" /><testcase classname="drift_gate.tests.test_intensity_classifier.TestExportAdded" name="test_export_not_added_when_also_removed" time="0.000" /><testcase classname="drift_gate.tests.test_intensity_classifier.TestExportAdded" name="test_python_public_class" time="0.000" /><testcase classname="drift_gate.tests.test_intensity_classifier.TestSignatureChange" name="test_python_function_def" time="0.000" /><testcase classname="drift_gate.tests.test_intensity_classifier.TestSignatureChange" name="test_typescript_interface" time="0.000" /><testcase classname="drift_gate.tests.test_intensity_classifier.TestSignatureChange" name="test_class_definition" time="0.000" /><testcase classname="drift_gate.tests.test_intensity_classifier.TestSignatureChange" name="test_impl_only_when_no_patterns_match" time="0.000" /><testcase classname="drift_gate.tests.test_intensity_classifier.TestSemanticSignalOverride" name="test_env_key_added_signal" time="0.000" /><testcase classname="drift_gate.tests.test_intensity_classifier.TestSemanticSignalOverride" name="test_route_contract_signal" time="0.000" /><testcase classname="drift_gate.tests.test_intensity_classifier.TestSemanticSignalOverride" name="test_openapi_operation_signal" time="0.000" /><testcase classname="drift_gate.tests.test_intensity_classifier.TestSemanticSignalOverride" name="test_db_model_signal" time="0.000" /><testcase classname="drift_gate.tests.test_intensity_classifier.TestSemanticSignalOverride" name="test_function_signature_signal" time="0.000" /><testcase classname="drift_gate.tests.test_intensity_classifier.TestSemanticSignalOverride" name="test_public_export_signal" time="0.000" /><testcase classname="drift_gate.tests.test_intensity_classifier.TestSemanticSignalOverride" name="test_cli_flag_signal" time="0.000" /><testcase classname="drift_gate.tests.test_intensity_classifier.TestSemanticSignalOverride" name="test_multiple_signals_highest_wins" time="0.000" /><testcase classname="drift_gate.tests.test_intensity_classifier.TestSemanticSignalOverride" name="test_unknown_signal_falls_through_to_patch" time="0.000" /><testcase classname="drift_gate.tests.test_intensity_classifier.TestMaxIntensity" name="test_highest_wins" time="0.000" /><testcase classname="drift_gate.tests.test_intensity_classifier.TestMaxIntensity" name="test_single_file" time="0.000" /><testcase classname="drift_gate.tests.test_intensity_classifier.TestMaxIntensity" name="test_empty_list_returns_comment_only" time="0.000" /><testcase classname="drift_gate.tests.test_intensity_classifier.TestMeetsMinIntensity" name="test_any_always_passes" time="0.000" /><testcase classname="drift_gate.tests.test_intensity_classifier.TestMeetsMinIntensity" name="test_empty_always_passes" time="0.000" /><testcase classname="drift_gate.tests.test_intensity_classifier.TestMeetsMinIntensity" name="test_none_always_passes" time="0.000" /><testcase classname="drift_gate.tests.test_intensity_classifier.TestMeetsMinIntensity" name="test_exact_match" time="0.000" /><testcase classname="drift_gate.tests.test_intensity_classifier.TestMeetsMinIntensity" name="test_higher_actual_passes" time="0.000" /><testcase classname="drift_gate.tests.test_intensity_classifier.TestMeetsMinIntensity" name="test_lower_actual_fails" time="0.000" /><testcase classname="drift_gate.tests.test_intensity_classifier.TestMeetsMinIntensity" name="test_impl_only_below_signature" time="0.000" /><testcase classname="drift_gate.tests.test_mcp_tools" name="test_mcp_list_and_explain_rules" time="0.002" /><testcase classname="drift_gate.tests.test_mcp_tools" name="test_mcp_suggest_policy" time="0.000" /><testcase classname="drift_gate.tests.test_mcp_tools" name="test_mcp_history" time="0.000" /><testcase classname="drift_gate.tests.test_mcp_tools" name="test_mcp_check_pr" time="0.001" /><testcase classname="drift_gate.tests.test_mcp_tools" name="test_mcp_prepare_fix_plan" time="0.001" /><testcase classname="drift_gate.tests.test_mcp_tools" name="test_mcp_server_handle_request" time="0.001" /><testcase classname="drift_gate.tests.test_mcp_tools" name="test_mcp_compact_local_and_bounded_evidence" time="0.001" /><testcase classname="drift_gate.tests.test_review.TestIsCoreFile" name="test_core_file_detected" time="0.000" /><testcase classname="drift_gate.tests.test_review.TestIsCoreFile" name="test_core_subfolder_detected" time="0.000" /><testcase classname="drift_gate.tests.test_review.TestIsCoreFile" name="test_adapter_file_not_core" time="0.000" /><testcase classname="drift_gate.tests.test_review.TestIsCoreFile" name="test_test_file_not_core" time="0.000" /><testcase classname="drift_gate.tests.test_review.TestIsCoreFile" name="test_bare_core_path_without_package" time="0.000" /><testcase classname="drift_gate.tests.test_review.TestIsCoreFile" name="test_windows_path_normalized" time="0.000" /><testcase classname="drift_gate.tests.test_review.TestCoreIOChecks" name="test_print_in_core_is_high" time="0.001" /><testcase classname="drift_gate.tests.test_review.TestCoreIOChecks" name="test_sys_exit_in_core_is_high" time="0.000" /><testcase classname="drift_gate.tests.test_review.TestCoreIOChecks" name="test_subprocess_import_in_core_is_high" time="0.000" /><testcase classname="drift_gate.tests.test_review.TestCoreIOChecks" name="test_network_import_in_core_is_high" time="0.000" /><testcase classname="drift_gate.tests.test_review.TestCoreIOChecks" name="test_urllib_from_import_in_core_is_high" time="0.000" /><testcase classname="drift_gate.tests.test_review.TestCoreIOChecks" name="test_print_in_adapter_is_not_flagged" time="0.000" /><testcase classname="drift_gate.tests.test_review.TestCoreIOChecks" name="test_clean_core_file_no_findings" time="0.000" /><testcase classname="drift_gate.tests.test_review.TestQualityChecks" name="test_mutable_default_list" time="0.000" /><testcase classname="drift_gate.tests.test_review.TestQualityChecks" name="test_mutable_default_dict" time="0.000" /><testcase classname="drift_gate.tests.test_review.TestQualityChecks" name="test_bare_except" time="0.000" /><testcase classname="drift_gate.tests.test_review.TestQualityChecks" name="test_swallowed_exception" time="0.000" /><testcase classname="drift_gate.tests.test_review.TestQualityChecks" name="test_token_logging_high" time="0.000" /><testcase classname="drift_gate.tests.test_review.TestQualityChecks" name="test_clean_file_no_quality_issues" time="0.000" /><testcase classname="drift_gate.tests.test_review.TestReviewFiles" name="test_reviews_multiple_files" time="0.000" /><testcase classname="drift_gate.tests.test_review.TestReviewFiles" name="test_skips_unreadable_file" time="0.000" /><testcase classname="drift_gate.tests.test_review.TestReviewFiles" name="test_no_findings_for_clean_files" time="0.000" /><testcase classname="drift_gate.tests.test_review.TestReviewResultOutput" name="test_format_markdown_contains_finding" time="0.000" /><testcase classname="drift_gate.tests.test_review.TestReviewResultOutput" name="test_format_markdown_empty_result" time="0.000" /><testcase classname="drift_gate.tests.test_review.TestReviewResultOutput" name="test_to_dict_structure" time="0.000" /><testcase classname="drift_gate.tests.test_review.TestReviewResultOutput" name="test_has_high_property" time="0.000" /><testcase classname="drift_gate.tests.test_review.TestReviewResultOutput" name="test_has_high_false_when_no_high" time="0.000" /><testcase classname="drift_gate.tests.test_review.TestReviewResultOutput" name="test_by_severity_filters_correctly" time="0.000" /><testcase classname="drift_gate.tests.test_review.TestLineNumbers" name="test_finding_line_number_correct" time="0.000" /><testcase classname="drift_gate.tests.test_review.TestFilesystemIOInCore" name="test_open_in_core_is_high" time="0.000" /><testcase classname="drift_gate.tests.test_review.TestFilesystemIOInCore" name="test_read_text_in_core_is_high" time="0.000" /><testcase classname="drift_gate.tests.test_review.TestFilesystemIOInCore" name="test_open_in_adapter_not_flagged" time="0.000" /><testcase classname="drift_gate.tests.test_review.TestFindUncoveredFunctions" name="test_detects_gap_when_no_test_added" time="0.000" /><testcase classname="drift_gate.tests.test_review.TestFindUncoveredFunctions" name="test_no_gap_when_test_is_in_diff" time="0.000" /><testcase classname="drift_gate.tests.test_review.TestFindUncoveredFunctions" name="test_skips_private_functions" time="0.000" /><testcase classname="drift_gate.tests.test_review.TestFindUncoveredFunctions" name="test_skips_test_files" time="0.000" /><testcase classname="drift_gate.tests.test_review.TestFindUncoveredFunctions" name="test_empty_patch_no_gaps" time="0.000" /><testcase classname="drift_gate.tests.test_review.TestFindUncoveredFunctions" name="test_gap_attributes" time="0.000" /><testcase classname="drift_gate.tests.test_review.TestFindUncoveredFunctions" name="test_review_result_includes_test_gaps" time="0.000" /><testcase classname="drift_gate.tests.test_review.TestFindUncoveredFunctions" name="test_to_dict_includes_test_gaps" time="0.000" /><testcase classname="drift_gate.tests.test_review.TestFindUncoveredFunctions" name="test_validator_change_requires_validator_test_file" time="0.000" /><testcase classname="drift_gate.tests.test_review.TestFindUncoveredFunctions" name="test_validator_gap_satisfied_by_validator_test_file" time="0.000" /><testcase classname="drift_gate.tests.test_review.TestReporterFieldGaps" name="test_detects_result_field_missing_from_reporter_output" time="0.000" /><testcase classname="drift_gate.tests.test_review.TestReporterFieldGaps" name="test_reporter_gap_accepts_snake_case_or_readable_label" time="0.000" /><testcase classname="drift_gate.tests.test_review.TestReporterFieldGaps" name="test_current_reporters_cover_evaluation_result_fields_used_by_review" time="0.000" /><testcase classname="drift_gate.tests.test_self_audit.TestChecklistParser" name="test_parses_checked_item" time="0.000" /><testcase classname="drift_gate.tests.test_self_audit.TestChecklistParser" name="test_parses_unchecked_item" time="0.000" /><testcase classname="drift_gate.tests.test_self_audit.TestChecklistParser" name="test_parses_uppercase_x" time="0.000" /><testcase classname="drift_gate.tests.test_self_audit.TestChecklistParser" name="test_parses_multiple_items" time="0.000" /><testcase classname="drift_gate.tests.test_self_audit.TestChecklistParser" name="test_captures_section_heading" time="0.000" /><testcase classname="drift_gate.tests.test_self_audit.TestChecklistParser" name="test_line_number_is_correct" time="0.000" /><testcase classname="drift_gate.tests.test_self_audit.TestChecklistParser" name="test_ignores_non_checkbox_list_items" time="0.000" /><testcase classname="drift_gate.tests.test_self_audit.TestChecklistParser" name="test_indented_items_captured" time="0.000" /><testcase classname="drift_gate.tests.test_self_audit.TestChecklistParser" name="test_extracts_file_hint_from_backtick" time="0.000" /><testcase classname="drift_gate.tests.test_self_audit.TestChecklistParser" name="test_extracts_rule_id_hint" time="0.000" /><testcase classname="drift_gate.tests.test_self_audit.TestChecklistParser" name="test_empty_document" time="0.000" /><testcase classname="drift_gate.tests.test_self_audit.TestChecklistParser" name="test_document_with_only_headings" time="0.000" /><testcase classname="drift_gate.tests.test_self_audit.TestDiffEvidence" name="test_from_raw_extracts_changed_files" time="0.000" /><testcase classname="drift_gate.tests.test_self_audit.TestDiffEvidence" name="test_from_raw_extracts_added_functions" time="0.000" /><testcase classname="drift_gate.tests.test_self_audit.TestDiffEvidence" name="test_from_raw_extracts_added_classes" time="0.000" /><testcase classname="drift_gate.tests.test_self_audit.TestDiffEvidence" name="test_from_raw_extracts_test_names" time="0.000" /><testcase classname="drift_gate.tests.test_self_audit.TestDiffEvidence" name="test_from_raw_ignores_removed_lines" time="0.000" /><testcase classname="drift_gate.tests.test_self_audit.TestMatcher" name="test_checked_item_with_matching_file_is_supported" time="0.000" /><testcase classname="drift_gate.tests.test_self_audit.TestMatcher" name="test_checked_item_without_evidence_is_unsupported" time="0.000" /><testcase classname="drift_gate.tests.test_self_audit.TestMatcher" name="test_checklist_code_mismatch_warning_on_unsupported" time="0.000" /><testcase classname="drift_gate.tests.test_self_audit.TestMatcher" name="test_unchecked_item_is_status_unchecked" time="0.000" /><testcase classname="drift_gate.tests.test_self_audit.TestMatcher" name="test_missing_progress_entry_warning" time="0.000" /><testcase classname="drift_gate.tests.test_self_audit.TestMatcher" name="test_no_missing_progress_for_non_source_files" time="0.000" /><testcase classname="drift_gate.tests.test_self_audit.TestMatcher" name="test_evidence_includes_file_path" time="0.000" /><testcase classname="drift_gate.tests.test_self_audit.TestMatcher" name="test_evidence_includes_function_name" time="0.000" /><testcase classname="drift_gate.tests.test_self_audit.TestMatcher" name="test_to_dict_structure" time="0.000" /><testcase classname="drift_gate.tests.test_self_audit.TestMatcher" name="test_multiple_items_mixed" time="0.000" /><testcase classname="drift_gate.tests.test_self_audit.TestFixtureScenarios" name="test_fixture_supported" time="0.000" /><testcase classname="drift_gate.tests.test_self_audit.TestFixtureScenarios" name="test_fixture_unsupported" time="0.000" /><testcase classname="drift_gate.tests.test_self_audit.TestFixtureScenarios" name="test_fixture_missing_progress_entry" time="0.000" /><testcase classname="drift_gate.tests.test_self_audit.TestTableCellParser" name="test_3col_table_checked_count" time="0.000" /><testcase classname="drift_gate.tests.test_self_audit.TestTableCellParser" name="test_3col_table_unchecked_count" time="0.000" /><testcase classname="drift_gate.tests.test_self_audit.TestTableCellParser" name="test_2col_table_checked" time="0.000" /><testcase classname="drift_gate.tests.test_self_audit.TestTableCellParser" name="test_table_item_has_section" time="0.000" /><testcase classname="drift_gate.tests.test_self_audit.TestTableCellParser" name="test_table_item_text_contains_subject" time="0.000" /><testcase classname="drift_gate.tests.test_self_audit.TestTableCellParser" name="test_mixed_table_and_list" time="0.000" /><testcase classname="drift_gate.tests.test_semantic_adapter" name="test_typescript_route_signal_from_patch" time="0.000" /><testcase classname="drift_gate.tests.test_semantic_adapter" name="test_tree_sitter_grammar_is_available" time="0.000"><failure message="TypeError: source must be a bytestring or a callable, not str">def test_tree_sitter_grammar_is_available():
        assert TREE_SITTER_AVAILABLE is True
&gt;       assert "function_definition" in parse_sexp("python", ["def create_user():", "    pass"])
                                        ^^^^^^^^^^^^^^^^^^^^^^^^^^^^^^^^^^^^^^^^^^^^^^^^^^^^^^^^

drift_gate/tests/test_semantic_adapter.py:24: 
_ _ _ _ _ _ _ _ _ _ _ _ _ _ _ _ _ _ _ _ _ _ _ _ _ _ _ _ _ _ _ _ _ _ _ _ _ _ _ _ 

language = 'python', added_lines = ['def create_user():', '    pass']

    def parse_sexp(language: str, added_lines: list[str]) -&gt; str:
        """Parse added lines with a real grammar and return the root S-expression."""
        parser = _parser(language)
&gt;       tree = parser.parse("\n".join(added_lines) + "\n")
               ^^^^^^^^^^^^^^^^^^^^^^^^^^^^^^^^^^^^^^^^^^^
E       TypeError: source must be a bytestring or a callable, not str

drift_gate/adapters/ast/tree_sitter_support.py:17: TypeError</failure></testcase><testcase classname="drift_gate.tests.test_semantic_adapter" name="test_python_route_signal_from_patch" time="0.000" /><testcase classname="drift_gate.tests.test_semantic_adapter" name="test_python_cli_signal_from_patch" time="0.000" /><testcase classname="drift_gate.tests.test_semantic_adapter" name="test_typescript_schema_signal_from_patch" time="0.000" /><testcase classname="drift_gate.tests.test_semantic_adapter" name="test_config_schema_signal_from_patch" time="0.000" /><testcase classname="drift_gate.tests.test_semantic_adapter" name="test_sdk_public_contract_signal_from_patch" time="0.000" /><testcase classname="drift_gate.tests.test_semantic_adapter" name="test_go_java_kotlin_ruby_semantic_signals" time="0.003" /><testcase classname="drift_gate.tests.test_semantic_adapter" name="test_openapi_and_db_model_semantic_signals" time="0.000" /><testcase classname="drift_gate.tests.test_validator.TestValidator" name="test_valid_policy_no_errors" time="0.000" /><testcase classname="drift_gate.tests.test_validator.TestValidator" name="test_policy_enrichment_config_parses" time="0.000" /><testcase classname="drift_gate.tests.test_validator.TestValidator" name="test_cross_file_relation_validates_group_references" time="0.000" /><testcase classname="drift_gate.tests.test_validator.TestValidator" name="test_cross_file_relation_rejects_unknown_group" time="0.000" /><testcase classname="drift_gate.tests.test_validator.TestValidator" name="test_duplicate_rule_id" time="0.000" /><testcase classname="drift_gate.tests.test_validator.TestValidator" name="test_invalid_severity" time="0.000" /><testcase classname="drift_gate.tests.test_validator.TestValidator" name="test_empty_when_any_changed" time="0.000" /><testcase classname="drift_gate.tests.test_validator.TestValidator" name="test_invalid_min_change_intensity" time="0.000" /><testcase classname="drift_gate.tests.test_validator.TestValidator" name="test_when_pattern_covered_by_ignore_paths_warns" time="0.000" /><testcase classname="drift_gate.tests.test_validator.TestValidator" name="test_require_path_covered_by_ignore_paths_warns" time="0.000" /><testcase classname="drift_gate.tests.test_validator.TestValidator" name="test_raise_if_errors" time="0.000" /><testcase classname="drift_gate.tests.test_validator.TestValidator" name="test_loader_surfaces_errors" time="0.001" /><testcase classname="drift_gate.tests.test_validator.TestEdgeCases" name="test_renamed_file_triggers_when_via_previous_path" time="0.000" /><testcase classname="drift_gate.tests.test_validator.TestEdgeCases" name="test_renamed_file_can_satisfy_require" time="0.000" /><testcase classname="drift_gate.tests.test_validator.TestEdgeCases" name="test_deleted_file_does_not_satisfy_all_changed" time="0.000" /><testcase classname="drift_gate.tests.test_validator.TestEdgeCases" name="test_deleted_file_does_not_satisfy_any_changed" time="0.000" /><testcase classname="drift_gate.tests.test_validator.TestEdgeCases" name="test_ignore_paths_excludes_from_require_satisfaction" time="0.000" /><testcase classname="drift_gate.tests.test_validator.TestEdgeCases" name="test_ignore_paths_excludes_from_trigger" time="0.000" /><testcase classname="drift_gate.tests.test_validator.TestGitAdapter" name="test_local_git_adapter_preserves_patch" time="0.000" /><testcase classname="drift_gate.tests.test_validator.TestGitAdapter" name="test_git_adapter_skips_binary_and_large_patches" time="0.000" /><testcase classname="drift_gate.tests.test_validator.TestGitAdapter" name="test_core_scan_metrics_supports_large_pr" time="0.001" /><testcase classname="drift_gate.tests.test_validator.TestChangeIntensity" name="test_comment_only_patch_does_not_trigger_signature_rule" time="0.000" /><testcase classname="drift_gate.tests.test_validator.TestChangeIntensity" name="test_signature_patch_triggers_signature_rule" time="0.000" /><testcase classname="drift_gate.tests.test_validator.TestChangeIntensity" name="test_impl_patch_triggers_impl_rule" time="0.000" /><testcase classname="drift_gate.tests.test_validator.TestChangeIntensity" name="test_env_key_patch_triggers_config_key_rule" time="0.000" /><testcase classname="drift_gate.tests.test_validator.TestChangeIntensity" name="test_route_patch_triggers_route_contract_rule" time="0.000" /><testcase classname="drift_gate.tests.test_validator.TestChangeIntensity" name="test_route_method_and_path_param_change_triggers_route_contract_rule" time="0.000" /><testcase classname="drift_gate.tests.test_validator.TestChangeIntensity" name="test_request_response_schema_change_triggers_route_contract_rule" time="0.000" /><testcase classname="drift_gate.tests.test_validator.TestChangeIntensity" name="test_sdk_client_contract_change_triggers_api_rule" time="0.000" /><testcase classname="drift_gate.tests.test_validator.TestChangeIntensity" name="test_db_patch_triggers_db_schema_rule" time="0.000" /><testcase classname="drift_gate.tests.test_validator.TestChangeIntensity" name="test_db_nullable_default_and_index_change_triggers_db_schema_rule" time="0.000" /><testcase classname="drift_gate.tests.test_validator.TestChangeIntensity" name="test_auth_patch_triggers_auth_policy_rule" time="0.000" /><testcase classname="drift_gate.tests.test_validator.TestChangeIntensity" name="test_ci_secret_patch_triggers_ci_secret_rule" time="0.000" /><testcase classname="drift_gate.tests.test_validator.TestChangeIntensity" name="test_env_secret_rename_and_config_schema_triggers_config_rule" time="0.000" /><testcase classname="drift_gate.tests.test_validator.TestChangeIntensity" name="test_deploy_docker_and_terraform_changes_trigger_ci_rule" time="0.000" /><testcase classname="drift_gate.tests.test_validator.TestChangeIntensity" name="test_auth_middleware_and_policy_file_change_trigger_auth_rule" time="0.000" /><testcase classname="drift_gate.tests.test_validator.TestChangeIntensity" name="test_cli_breaking_behavior_triggers_cli_rule" time="0.000" /><testcase classname="drift_gate.tests.test_validator.TestChangeIntensity" name="test_public_cli_patch_triggers_cli_rule" time="0.000" /><testcase classname="drift_gate.tests.test_validator.TestChangeIntensity" name="test_semantic_signal_overrides_patch_fallback" time="0.001" /><testcase classname="drift_gate.tests.test_validator.TestClaudeEnricherFallback" name="test_fallback_checklist_preserved_on_api_failure" time="0.013" /><testcase classname="drift_gate.tests.test_validator.TestClaudeEnricherFallback" name="test_enricher_parses_extended_fields" time="0.000" /><testcase classname="drift_gate.tests.test_validator.TestMarkdownReporterEdgeCases" name="test_rejected_ignores_section_present" time="0.000" /><testcase classname="drift_gate.tests.test_validator.TestMarkdownReporterEdgeCases" name="test_medium_confidence_shows_추정_label" time="0.000" /><testcase classname="drift_gate.tests.test_validator.TestMarkdownReporterEdgeCases" name="test_skipped_rules_section_present" time="0.000" /></testsuite></testsuites>